android-webview-wrappers/app/build/intermediates/manifest_merge_blame_file/driverRelease/processDriverReleaseMainManifest/manifest-merger-blame-driver-release-report.txt
1<?xml version="1.0" encoding="utf-8"?>
2<manifest xmlns:android="http://schemas.android.com/apk/res/android"
3    package="com.myride.driver"
4    android:versionCode="1"
5    android:versionName="1.0.0" >
6
7    <uses-sdk
8        android:minSdkVersion="23"
9        android:targetSdkVersion="35" />
10
11    <!-- Required for the live HTTPS production application. -->
12    <uses-permission android:name="android.permission.INTERNET" />
12-->src/main/AndroidManifest.xml:4:5-67
12-->src/main/AndroidManifest.xml:4:22-64
13
14    <!-- Required by WebView's navigator.geolocation implementation. -->
15    <uses-permission android:name="android.permission.ACCESS_COARSE_LOCATION" />
15-->src/main/AndroidManifest.xml:7:5-81
15-->src/main/AndroidManifest.xml:7:22-78
16    <uses-permission android:name="android.permission.ACCESS_FINE_LOCATION" />
16-->src/main/AndroidManifest.xml:8:5-79
16-->src/main/AndroidManifest.xml:8:22-76
17
18    <!-- Media/file selection compatibility for uploads on supported Android versions. -->
19    <uses-permission android:name="android.permission.READ_MEDIA_IMAGES" />
19-->src/main/AndroidManifest.xml:11:5-76
19-->src/main/AndroidManifest.xml:11:22-73
20    <uses-permission android:name="android.permission.READ_MEDIA_VIDEO" />
20-->src/main/AndroidManifest.xml:12:5-75
20-->src/main/AndroidManifest.xml:12:22-72
21    <uses-permission
21-->src/main/AndroidManifest.xml:13:5-15:38
22        android:name="android.permission.READ_EXTERNAL_STORAGE"
22-->src/main/AndroidManifest.xml:14:9-64
23        android:maxSdkVersion="32" />
23-->src/main/AndroidManifest.xml:15:9-35
24    <uses-permission
24-->src/main/AndroidManifest.xml:16:5-18:38
25        android:name="android.permission.WRITE_EXTERNAL_STORAGE"
25-->src/main/AndroidManifest.xml:17:9-65
26        android:maxSdkVersion="28" />
26-->src/main/AndroidManifest.xml:18:9-35
27    <uses-permission android:name="android.permission.POST_NOTIFICATIONS" />
27-->src/main/AndroidManifest.xml:20:5-77
27-->src/main/AndroidManifest.xml:20:22-74
28
29    <application
29-->src/main/AndroidManifest.xml:22:5-42:19
30        android:allowBackup="false"
30-->src/main/AndroidManifest.xml:23:9-36
31        android:extractNativeLibs="false"
32        android:hardwareAccelerated="true"
32-->src/main/AndroidManifest.xml:24:9-43
33        android:icon="@drawable/myride_icon"
33-->src/main/AndroidManifest.xml:25:9-45
34        android:label="@string/app_name"
34-->src/main/AndroidManifest.xml:26:9-41
35        android:networkSecurityConfig="@xml/network_security_config"
35-->src/main/AndroidManifest.xml:27:9-69
36        android:supportsRtl="true"
36-->src/main/AndroidManifest.xml:28:9-35
37        android:theme="@style/AppTheme"
37-->src/main/AndroidManifest.xml:29:9-40
38        android:usesCleartextTraffic="false" >
38-->src/main/AndroidManifest.xml:30:9-45
39        <activity
39-->src/main/AndroidManifest.xml:31:9-41:20
40            android:name="com.myride.wrapper.MainActivity"
40-->src/main/AndroidManifest.xml:32:13-41
41            android:configChanges="orientation|screenSize|keyboardHidden"
41-->src/main/AndroidManifest.xml:33:13-74
42            android:exported="true"
42-->src/main/AndroidManifest.xml:34:13-36
43            android:screenOrientation="portrait"
43-->src/main/AndroidManifest.xml:35:13-49
44            android:windowSoftInputMode="adjustResize" >
44-->src/main/AndroidManifest.xml:36:13-55
45            <intent-filter>
45-->src/main/AndroidManifest.xml:37:13-40:29
46                <action android:name="android.intent.action.MAIN" />
46-->src/main/AndroidManifest.xml:38:17-69
46-->src/main/AndroidManifest.xml:38:25-66
47
48                <category android:name="android.intent.category.LAUNCHER" />
48-->src/main/AndroidManifest.xml:39:17-77
48-->src/main/AndroidManifest.xml:39:27-74
49            </intent-filter>
50        </activity>
51    </application>
52
53</manifest>